<?xml version="1.0" encoding="UTF-8"?>
<!-- Generated by org.testng.reporters.JUnitXMLReporter -->
<testsuite hostname="DESKTOP-987SG1D" ignored="0" name="Test" tests="7" failures="0" timestamp="2020-08-18T21:06:31 IST" time="153.14" errors="0">
  <testcase name="verifilogo" time="3.141" classname="com.wordpress.qa.testcases.COLLABSPageTest"/>
  <testcase name="AddtocartTest" time="3.711" classname="com.wordpress.qa.testcases.LoginPageTest"/>
  <testcase name="verifilogo" time="0.154" classname="com.wordpress.qa.testcases.IndexPageTest"/>
  <testcase name="verifieTital" time="0.017" classname="com.wordpress.qa.testcases.IndexPageTest"/>
  <testcase name="searchProduct" time="15.774" classname="com.wordpress.qa.testcases.IndexPageTest"/>
  <testcase name="verifilogo" time="3.451" classname="com.wordpress.qa.testcases.MarathiPageTest"/>
  <testcase name="products" time="0.192" classname="com.wordpress.qa.testcases.MarathiPageTest"/>
</testsuite> <!-- Test -->
